[05/07/2020 22:03:46] S3t1 submitted maranat on 1 with kpm 0 [WRONG]
[05/07/2020 22:03:54] S3t1 submitted maranata on 1 with kpm 1 [CORRECT]
[05/09/2020 03:35:36] noa submitted paz on 2 with kpm 0 [WRONG]
[05/09/2020 03:37:15] noa submitted oamordecristomemotiva on 2 with kpm 0 [WRONG]
[05/09/2020 03:38:25] noa submitted oamordecristo on 2 with kpm 0 [CORRECT]
[05/09/2020 03:41:27] noa submitted maranata on 1 with kpm 0 [CORRECT]
[05/10/2020 22:19:31] S3t1 submitted Maranata on 1 with kpm 0 [CORRECT]
[05/10/2020 22:19:53] renato submitted maranata on 1 with kpm 0 [ALREADY SOLVED]
[05/10/2020 22:22:42] Anderson Gomes submitted maranata on 1 with kpm 0 [CORRECT]
[05/10/2020 22:23:14] Anderson Gomes submitted lema on 2 with kpm 0 [WRONG]
[05/10/2020 22:24:08] Anderson Gomes submitted oamordecristo on 2 with kpm 1 [CORRECT]
[05/10/2020 22:26:36] renato submitted d1 on 8 with kpm 0 [CORRECT]
[05/10/2020 22:26:52] renato submitted d1 on 8 with kpm 0 [ALREADY SOLVED]
[05/10/2020 22:27:29] Anderson Gomes submitted nossomososdesbravadores on 3 with kpm 0 [WRONG]
[05/10/2020 22:28:01] Anderson Gomes submitted hinododesbravadores on 3 with kpm 1 [WRONG]
[05/10/2020 22:28:10] Anderson Gomes submitted hinodosdesbravadores on 3 with kpm 2 [CORRECT]
[05/10/2020 22:28:59] Anderson Gomes submitted missionariosvoluntarios on 4 with kpm 1 [CORRECT]
[05/10/2020 22:30:05] Brutos submitted 9 on 8 with kpm 0 [WRONG]
[05/10/2020 22:30:29] Brutos submitted 8 on 8 with kpm 1 [WRONG]
[05/10/2020 22:30:50] Anderson Gomes submitted trindade on 7 with kpm 0 [WRONG]
[05/10/2020 22:30:58] Anderson Gomes submitted paifilhoespiritosanto on 7 with kpm 1 [WRONG]
[05/10/2020 22:31:11] Anderson Gomes submitted paifilhoeespiritosanto on 7 with kpm 2 [WRONG]
[05/10/2020 22:31:30] Anderson Gomes submitted d1 on 7 with kpm 3 [WRONG]
[05/10/2020 22:31:36] Anderson Gomes submitted triangulod1 on 7 with kpm 4 [WRONG]
[05/10/2020 22:33:13] Anderson Gomes submitted bandeirim on 15 with kpm 0 [CORRECT]
[05/10/2020 22:34:38] Anderson Gomes submitted identidade on 13 with kpm 0 [WRONG]
[05/10/2020 22:35:01] Anderson Gomes submitted amigo on 13 with kpm 1 [WRONG]
[05/10/2020 22:35:39] Anderson Gomes submitted aleidodesbravador on 12 with kpm 1 [CORRECT]
[05/10/2020 22:36:00] Anderson Gomes submitted bondoso on 11 with kpm 1 [WRONG]
[05/10/2020 22:36:05] Anderson Gomes submitted puro on 11 with kpm 1 [WRONG]
[05/10/2020 22:36:19] Anderson Gomes submitted serei on 11 with kpm 2 [WRONG]
[05/10/2020 22:36:27] Anderson Gomes submitted pelagraca on 11 with kpm 3 [WRONG]
[05/10/2020 22:36:36] Anderson Gomes submitted sereibondoso on 11 with kpm 4 [WRONG]
[05/10/2020 22:37:09] Anderson Gomes submitted objetivo on 11 with kpm 3 [WRONG]
[05/10/2020 22:37:12] Anderson Gomes submitted lema on 11 with kpm 4 [WRONG]
[05/10/2020 22:37:21] Anderson Gomes submitted fidelidadeabiblia on 11 with kpm 4 [WRONG]
[05/10/2020 22:38:15] Brutos submitted 13 on 8 with kpm 0 [WRONG]
[05/10/2020 22:38:21] Brutos submitted 10 on 8 with kpm 1 [WRONG]
[05/10/2020 22:38:33] Anderson Gomes submitted fidelidadeabiblia on 11 with kpm 0 [WRONG]
[05/10/2020 22:40:24] Anderson Gomes submitted verdade on 11 with kpm 0 [WRONG]
[05/10/2020 22:40:29] Anderson Gomes submitted biblia on 11 with kpm 1 [WRONG]
[05/10/2020 22:40:37] renato submitted missionario voluntario on 4 with kpm 0 [WRONG]
[05/10/2020 22:40:42] Anderson Gomes submitted votodefidelidadeabiblia on 11 with kpm 2 [CORRECT]
[05/10/2020 22:40:50] S3t1 submitted missao visao on 4 with kpm 1 [WRONG]
[05/10/2020 22:41:07] Anderson Gomes submitted biblia on 10 with kpm 2 [CORRECT]
[05/10/2020 22:41:08] S3t1 submitted missao vovlvo on 4 with kpm 2 [WRONG]
[05/10/2020 22:41:10] renato submitted micionario voluntario on 4 with kpm 3 [WRONG]
[05/10/2020 22:41:37] S3t1 submitted missaovovlvo on 4 with kpm 3 [WRONG]
[05/10/2020 22:41:45] Anderson Gomes submitted 8 on 8 with kpm 0 [WRONG]
[05/10/2020 22:41:47] renato submitted missionariovoluntario on 4 with kpm 4 [WRONG]
[05/10/2020 22:41:51] Anderson Gomes submitted 10 on 8 with kpm 1 [WRONG]
[05/10/2020 22:41:56] renato submitted micionariovoluntario on 4 with kpm 4 [WRONG]
[05/10/2020 22:42:29] Anderson Gomes submitted 9 on 8 with kpm 2 [WRONG]
[05/10/2020 22:42:34] Anderson Gomes submitted 09 on 8 with kpm 3 [WRONG]
[05/10/2020 22:42:42] renato submitted missionariovoluntario on 4 with kpm 2 [WRONG]
[05/10/2020 22:43:00] Anderson Gomes submitted divindade on 7 with kpm 2 [WRONG]
[05/10/2020 22:43:04] Anderson Gomes submitted trindade on 7 with kpm 3 [WRONG]
[05/10/2020 22:43:09] Anderson Gomes submitted unidade on 7 with kpm 4 [WRONG]
[05/10/2020 22:43:27] renato submitted missionariosvoluntarios on 4 with kpm 1 [CORRECT]
[05/10/2020 22:43:53] Anderson Gomes submitted bandeira on 6 with kpm 3 [CORRECT]
[05/10/2020 22:44:01] renato submitted oamordecristo on 2 with kpm 0 [CORRECT]
[05/10/2020 22:45:54] Brutos submitted biblia on 10 with kpm 0 [CORRECT]
[05/10/2020 22:47:52] renato submitted bandeiradosdebravadores on 6 with kpm 0 [WRONG]
[05/10/2020 22:49:30] renato submitted bandeira on 6 with kpm 0 [CORRECT]
[05/10/2020 22:51:28] Anderson Gomes submitted zurich on 5 with kpm 0 [WRONG]
[05/10/2020 22:52:20] Brutos submitted abracodecristo on 13 with kpm 0 [CORRECT]
[05/10/2020 22:52:21] Anderson Gomes submitted wiscousin on 5 with kpm 1 [WRONG]
[05/10/2020 22:53:00] Brutos submitted uniao on 14 with kpm 0 [WRONG]
[05/10/2020 22:53:02] Anderson Gomes submitted michigan on 5 with kpm 1 [WRONG]
[05/10/2020 22:53:20] Anderson Gomes submitted hazelton on 5 with kpm 2 [WRONG]
[05/10/2020 22:54:01] Anderson Gomes submitted moutvernon on 5 with kpm 2 [WRONG]
[05/10/2020 22:54:02] renato submitted guardaraleidosdebravadores on 11 with kpm 0 [WRONG]
[05/10/2020 22:54:02] renato submitted guardaraleidosdebravadores on 11 with kpm 1 [WRONG]
[05/10/2020 22:54:26] Anderson Gomes submitted ohio on 5 with kpm 1 [WRONG]
[05/10/2020 22:54:30] renato submitted bomdoso on 11 with kpm 2 [WRONG]
[05/10/2020 22:55:49] renato submitted bondoso on 11 with kpm 0 [WRONG]
[05/10/2020 22:56:21] renato submitted bondosoeleal on 11 with kpm 1 [WRONG]
[05/10/2020 22:56:34] renato submitted bondoso on 11 with kpm 2 [WRONG]
[05/10/2020 22:56:35] renato submitted bondoso on 11 with kpm 3 [WRONG]
[05/10/2020 22:56:36] renato submitted bondoso on 11 with kpm 4 [WRONG]
[05/10/2020 22:56:36] renato submitted bondoso on 11 with kpm 5 [WRONG]
[05/10/2020 22:56:36] renato submitted bondoso on 11 with kpm 6 [WRONG]
[05/10/2020 22:56:37] renato submitted bondoso on 11 with kpm 7 [WRONG]
[05/10/2020 22:57:25] renato submitted aleidosdesbravadores on 11 with kpm 6 [WRONG]
[05/10/2020 22:59:14] Brutos submitted trindade on 7 with kpm 0 [WRONG]
[05/10/2020 22:59:22] Anderson Gomes submitted michigan on 5 with kpm 0 [WRONG]
[05/10/2020 23:00:06] Brutos submitted paifilhoespiritosanto on 7 with kpm 1 [WRONG]
[05/10/2020 23:00:06] renato submitted limaperu on 5 with kpm 0 [WRONG]
[05/10/2020 23:00:06] renato submitted limaperu on 5 with kpm 1 [WRONG]
[05/10/2020 23:00:12] renato submitted lima on 5 with kpm 2 [WRONG]
[05/10/2020 23:00:12] Anderson Gomes submitted california on 5 with kpm 1 [WRONG]
[05/10/2020 23:00:21] renato submitted peru on 5 with kpm 3 [WRONG]
[05/10/2020 23:00:28] Brutos submitted trindade on 7 with kpm 1 [WRONG]
[05/10/2020 23:00:32] Anderson Gomes submitted dinuba on 5 with kpm 1 [WRONG]
[05/10/2020 23:00:36] renato submitted cidadedelima on 5 with kpm 4 [WRONG]
[05/10/2020 23:00:51] renato submitted lei on 11 with kpm 5 [WRONG]
[05/10/2020 23:01:03] renato submitted lema on 11 with kpm 6 [WRONG]
[05/10/2020 23:01:07] Brutos submitted maranata on 1 with kpm 1 [CORRECT]
[05/10/2020 23:01:48] Brutos submitted desbravadores on 2 with kpm 0 [WRONG]
[05/10/2020 23:01:48] renato submitted atrindade on 7 with kpm 2 [WRONG]
[05/10/2020 23:01:56] Anderson Gomes submitted lawrence on 9 with kpm 0 [CORRECT]
[05/10/2020 23:02:20] Brutos submitted voces on 2 with kpm 1 [WRONG]
[05/10/2020 23:02:31] Brutos submitted cantar on 2 with kpm 2 [WRONG]
[05/10/2020 23:02:37] Anderson Gomes submitted identificacao on 13 with kpm 0 [WRONG]
[05/10/2020 23:02:49] Anderson Gomes submitted fisicamentaleespiritual on 13 with kpm 1 [WRONG]
[05/10/2020 23:02:57] Brutos submitted nossomososdesbravadores on 3 with kpm 2 [WRONG]
[05/10/2020 23:03:11] Anderson Gomes submitted excelencia on 13 with kpm 2 [WRONG]
[05/10/2020 23:04:22] renato submitted opaiofilhoeoespiritosanto on 7 with kpm 0 [WRONG]
[05/10/2020 23:04:44] renato submitted escudo on 7 with kpm 1 [WRONG]
[05/10/2020 23:05:35] Anderson Gomes submitted amizade on 13 with kpm 0 [WRONG]
[05/10/2020 23:05:39] Anderson Gomes submitted amigo on 13 with kpm 1 [WRONG]
[05/10/2020 23:06:02] renato submitted trindade on 7 with kpm 0 [WRONG]
[05/10/2020 23:06:02] renato submitted trindade on 7 with kpm 1 [WRONG]
[05/10/2020 23:06:03] renato submitted trindade on 7 with kpm 2 [WRONG]
[05/10/2020 23:08:58] Anderson Gomes submitted paifilhoespiritosanto on 7 with kpm 0 [WRONG]
[05/10/2020 23:09:07] Anderson Gomes submitted paifilhoeespiritosanto on 7 with kpm 1 [WRONG]
[05/10/2020 23:09:16] Anderson Gomes submitted deusfilhoespiritosanto on 7 with kpm 2 [WRONG]
[05/10/2020 23:09:44] Anderson Gomes submitted 20 on 8 with kpm 3 [WRONG]
[05/10/2020 23:09:49] Anderson Gomes submitted 30 on 8 with kpm 4 [WRONG]
[05/10/2020 23:09:53] Anderson Gomes submitted 10 on 8 with kpm 5 [WRONG]
[05/10/2020 23:09:57] Anderson Gomes submitted 11 on 8 with kpm 6 [WRONG]
[05/10/2020 23:10:00] Anderson Gomes submitted 8 on 8 with kpm 6 [WRONG]
[05/10/2020 23:10:06] Anderson Gomes submitted 1 on 8 with kpm 7 [WRONG]
[05/10/2020 23:10:11] Anderson Gomes submitted 2 on 8 with kpm 7 [WRONG]
[05/10/2020 23:10:16] Anderson Gomes submitted 3 on 8 with kpm 8 [WRONG]
[05/10/2020 23:10:20] Anderson Gomes submitted 4 on 8 with kpm 8 [WRONG]
[05/10/2020 23:10:25] Anderson Gomes submitted 5 on 8 with kpm 9 [WRONG]
[05/10/2020 23:10:30] Anderson Gomes submitted 6 on 8 with kpm 10 [WRONG]
[05/10/2020 23:10:33] Anderson Gomes submitted 7 on 8 with kpm 11 [TOO FAST]
[05/10/2020 23:10:39] Anderson Gomes submitted 7 on 8 with kpm 12 [TOO FAST]
[05/10/2020 23:10:43] Anderson Gomes submitted 8 on 8 with kpm 13 [TOO FAST]
[05/10/2020 23:13:49] Anderson Gomes submitted excelencia on 13 with kpm 0 [WRONG]
[05/10/2020 23:14:00] Anderson Gomes submitted amizade on 13 with kpm 1 [WRONG]
[05/10/2020 23:14:09] Anderson Gomes submitted unidade on 13 with kpm 2 [WRONG]
[05/10/2020 23:14:31] Anderson Gomes submitted uniao on 14 with kpm 3 [WRONG]
[05/10/2020 23:15:53] Anderson Gomes submitted paifilhoeespiritosanto on 7 with kpm 0 [WRONG]
[05/10/2020 23:16:31] Anderson Gomes submitted tripedaeducacao on 7 with kpm 1 [WRONG]
[05/10/2020 23:20:45] Anderson Gomes submitted deuspaideusfilhodeusespiritosanto on 7 with kpm 0 [WRONG]
[05/10/2020 23:20:55] Anderson Gomes submitted identidade on 13 with kpm 1 [WRONG]
[05/10/2020 23:21:00] Anderson Gomes submitted identificacao on 13 with kpm 2 [WRONG]
[05/10/2020 23:22:17] Anderson Gomes submitted prendedor on 14 with kpm 0 [WRONG]
[05/10/2020 23:23:02] Anderson Gomes submitted confianca on 14 with kpm 1 [WRONG]
[05/10/2020 23:23:06] Anderson Gomes submitted fidelidade on 14 with kpm 2 [WRONG]
[05/10/2020 23:23:14] Anderson Gomes submitted divindade on 14 with kpm 3 [WRONG]
[05/10/2020 23:23:20] Anderson Gomes submitted reverencia on 14 with kpm 3 [WRONG]
[05/10/2020 23:23:24] Anderson Gomes submitted santidade on 14 with kpm 4 [WRONG]
[05/10/2020 23:32:45] noa submitted osenhologove on 1 with kpm 0 [WRONG]
[05/10/2020 23:40:31] noa submitted critojesus on 1 with kpm 0 [WRONG]
[05/10/2020 23:44:03] noa submitted maranata on 1 with kpm 0 [CORRECT]
[05/10/2020 23:44:36] noa submitted maranata on 1 with kpm 0 [ALREADY SOLVED]
[05/10/2020 23:47:55] noa submitted oamodecritome  on 2 with kpm 0 [WRONG]
[05/10/2020 23:48:29] noa submitted oamodecristo  on 2 with kpm 1 [WRONG]
[05/10/2020 23:48:43] noa submitted oamodecristo  on 2 with kpm 2 [WRONG]
[05/10/2020 23:49:24] noa submitted oamordecristo on 2 with kpm 2 [CORRECT]
[05/10/2020 23:53:19] noa submitted hinodosdesbravadores on 3 with kpm 0 [CORRECT]
[05/10/2020 23:56:22] noa submitted motivacao on 4 with kpm 0 [WRONG]
[05/11/2020 00:05:15] noa submitted missiuonariovolutario on 4 with kpm 0 [WRONG]
[05/11/2020 00:05:45] noa submitted missionariosvoluntario on 4 with kpm 1 [WRONG]
[05/11/2020 00:06:29] noa submitted missionariosvoluntarios on 4 with kpm 1 [CORRECT]
[05/11/2020 00:08:19] noa submitted emsuacasa on 5 with kpm 0 [WRONG]
[05/11/2020 00:11:02] noa submitted california on 5 with kpm 0 [WRONG]
[05/11/2020 00:16:03] noa submitted estadounidos on 5 with kpm 0 [WRONG]
[05/11/2020 00:21:16] noa submitted cama on 5 with kpm 0 [WRONG]
[05/11/2020 00:22:46] noa submitted lugar on 5 with kpm 0 [WRONG]
[05/11/2020 00:26:02] noa submitted casa on 5 with kpm 0 [CORRECT]
[05/11/2020 00:27:59] noa submitted bandeira on 6 with kpm 0 [CORRECT]
[05/11/2020 00:34:11] noa submitted triangulo on 7 with kpm 0 [CORRECT]
[05/11/2020 00:37:38] noa submitted d9 on 8 with kpm 0 [WRONG]
[05/11/2020 00:38:14] noa submitted ld4 on 8 with kpm 1 [WRONG]
[05/11/2020 00:40:05] noa submitted lawrencepaulson on 9 with kpm 0 [WRONG]
[05/11/2020 00:40:47] noa submitted lawrencepaulson on 9 with kpm 1 [WRONG]
[05/11/2020 00:41:43] noa submitted lawrence on 9 with kpm 1 [CORRECT]
[05/11/2020 00:43:23] noa submitted alianca on 14 with kpm 0 [CORRECT]
[05/11/2020 00:46:42] noa submitted biblia on 10 with kpm 0 [CORRECT]
[05/11/2020 00:49:19] noa submitted prometofidelidadeabiblia on 11 with kpm 0 [WRONG]
[05/11/2020 00:50:10] noa submitted amoracristo on 11 with kpm 1 [WRONG]
[05/11/2020 00:52:24] noa submitted fidelidadeabiblia on 11 with kpm 0 [WRONG]
[05/11/2020 00:52:37] noa submitted biblia on 11 with kpm 1 [WRONG]
[05/11/2020 00:53:27] noa submitted votodefidelidadeabiblia on 11 with kpm 1 [CORRECT]
[05/11/2020 00:55:55] noa submitted alvo on 12 with kpm 0 [WRONG]
[05/11/2020 00:56:46] noa submitted purobondosoeleal on 12 with kpm 1 [WRONG]
[05/11/2020 00:59:47] noa submitted elodeuniaocomosparticipantes on 13 with kpm 0 [WRONG]
[05/11/2020 01:06:20] noa submitted bandeira on 15 with kpm 0 [WRONG]
[05/11/2020 01:06:59] noa submitted bandeirim on 15 with kpm 1 [CORRECT]
[05/11/2020 01:11:44] noa submitted oamordecristo on 12 with kpm 0 [WRONG]
[05/11/2020 01:13:06] noa submitted puro on 12 with kpm 0 [WRONG]
[05/11/2020 08:10:30] Brutos submitted banderim on 15 with kpm 0 [WRONG]
[05/11/2020 08:10:38] Brutos submitted banderim on 15 with kpm 1 [WRONG]
[05/11/2020 08:10:53] Brutos submitted bamderin on 15 with kpm 2 [WRONG]
[05/11/2020 08:11:06] Brutos submitted bamderin on 15 with kpm 3 [WRONG]
[05/11/2020 08:11:30] Brutos submitted bamderin on 15 with kpm 4 [WRONG]
[05/11/2020 08:11:42] Brutos submitted mastro on 15 with kpm 3 [WRONG]
[05/11/2020 08:11:56] Brutos submitted banderin on 15 with kpm 3 [WRONG]
[05/11/2020 08:12:26] Brutos submitted banderim on 15 with kpm 3 [WRONG]
[05/11/2020 08:18:53] Brutos submitted desbravadores on 3 with kpm 0 [WRONG]
[05/11/2020 08:19:01] Brutos submitted desbravadores on 3 with kpm 1 [WRONG]
[05/11/2020 08:19:05] Brutos submitted desbravadores on 3 with kpm 2 [WRONG]
[05/11/2020 08:19:28] Brutos submitted desbravadores on 3 with kpm 3 [WRONG]
[05/11/2020 08:20:15] Brutos submitted nos somos os desbravadores on 3 with kpm 1 [WRONG]
[05/11/2020 08:20:20] Brutos submitted nos somos os desbravadores on 3 with kpm 2 [WRONG]
[05/11/2020 08:20:25] Brutos submitted nos somos os desbravadores on 3 with kpm 3 [WRONG]
[05/11/2020 08:20:32] Brutos submitted nos somos os desbravadores on 3 with kpm 3 [WRONG]
[05/11/2020 08:20:43] Brutos submitted nossomososdesbravadores on 3 with kpm 4 [WRONG]
[05/11/2020 08:20:55] Brutos submitted somososdesbravadores on 3 with kpm 5 [WRONG]
[05/11/2020 08:21:05] Brutos submitted somosdesbravadores on 3 with kpm 6 [WRONG]
[05/11/2020 08:21:51] Brutos submitted bandeira on 6 with kpm 2 [CORRECT]
[05/11/2020 08:22:14] Brutos submitted leço on 7 with kpm 0 [WRONG]
[05/11/2020 08:22:30] Brutos submitted atrindade on 7 with kpm 1 [WRONG]
[05/11/2020 08:22:36] Brutos submitted trindade on 7 with kpm 2 [WRONG]
[05/11/2020 08:23:27] Brutos submitted paifilhoespiritosanto on 7 with kpm 2 [WRONG]
[05/11/2020 08:23:58] Brutos submitted deuspaifilhoespiritosanto on 7 with kpm 1 [WRONG]
[05/11/2020 08:35:21] Anderson Gomes submitted deuspaideusfilhodeusespiritosanto on 7 with kpm 0 [WRONG]
[05/11/2020 08:37:27] Anderson Gomes submitted piramide on 8 with kpm 0 [WRONG]
[05/11/2020 08:38:47] Anderson Gomes submitted 9 on 8 with kpm 0 [WRONG]
[05/11/2020 08:38:51] Anderson Gomes submitted 09 on 8 with kpm 1 [WRONG]
[05/11/2020 12:33:49] noa submitted aleidodesbravadores on 12 with kpm 0 [WRONG]
[05/11/2020 12:35:45] noa submitted servodoreidosreissempre on 12 with kpm 0 [WRONG]
[05/11/2020 12:45:00] noa submitted reverencianacasadedeus;tersempreumcanticonocoracaoinaondedeusmanda on 12 with kpm 0 [WRONG]
[05/11/2020 12:45:00] noa submitted reverencianacasadedeus;tersempreumcanticonocoracaoinaondedeusmanda on 12 with kpm 1 [WRONG]
[05/11/2020 12:45:01] noa submitted reverencianacasadedeus;tersempreumcanticonocoracaoinaondedeusmanda on 12 with kpm 2 [WRONG]
[05/11/2020 12:51:33] noa submitted aliedodesbravadores on 12 with kpm 0 [WRONG]
[05/11/2020 13:08:44] noa submitted aleidodesbravadores on 12 with kpm 0 [WRONG]
[05/11/2020 13:09:44] noa submitted aleidodesbravado on 12 with kpm 0 [WRONG]
[05/11/2020 13:10:12] noa submitted aleidodesbravador on 12 with kpm 1 [CORRECT]
[05/11/2020 13:19:20] noa submitted identeficacao on 13 with kpm 0 [WRONG]
[05/11/2020 13:26:36] noa submitted espiritual on 13 with kpm 0 [WRONG]
[05/11/2020 13:34:34] noa submitted tual on 13 with kpm 0 [WRONG]
[05/11/2020 13:35:13] noa submitted puro on 13 with kpm 1 [WRONG]
[05/11/2020 13:40:26] noa submitted leoldade on 13 with kpm 0 [WRONG]
[05/11/2020 13:40:40] noa submitted lealdade on 13 with kpm 1 [WRONG]
[05/11/2020 13:41:51] noa submitted pails on 13 with kpm 0 [WRONG]
[05/11/2020 13:43:46] noa submitted protecao on 13 with kpm 0 [WRONG]
[05/11/2020 13:44:16] noa submitted protecaodivia on 13 with kpm 1 [WRONG]
[05/11/2020 13:50:24] noa submitted obidiesi on 13 with kpm 0 [WRONG]
[05/11/2020 13:51:41] noa submitted amodecrito on 13 with kpm 0 [WRONG]
[05/11/2020 13:53:49] noa submitted libedade on 13 with kpm 0 [WRONG]
[05/11/2020 14:01:43] Kethy Amorim. submitted Maranata on 1 with kpm 0 [CORRECT]
[05/11/2020 14:02:34] Kethy Amorim. submitted O amor de Cristo me motiva on 2 with kpm 0 [WRONG]
[05/11/2020 14:03:28] Kethy Amorim. submitted Jesus on 2 with kpm 1 [WRONG]
[05/11/2020 14:03:44] Kethy Amorim. submitted O amor de Deus  on 2 with kpm 1 [WRONG]
[05/11/2020 14:04:08] Kethy Amorim. submitted Deus  on 2 with kpm 2 [WRONG]
[05/11/2020 14:04:31] Kethy Amorim. submitted Amo ser desbravador on 2 with kpm 2 [WRONG]
[05/11/2020 14:07:00] Alisson submitted Maranata on 1 with kpm 0 [CORRECT]
[05/11/2020 14:29:13] noa submitted fidelidade on 13 with kpm 0 [WRONG]
[05/11/2020 14:48:33] noa submitted ocomprometimento on 13 with kpm 0 [WRONG]
[05/11/2020 14:49:00] noa submitted comprometimento on 13 with kpm 1 [WRONG]
[05/11/2020 14:49:28] noa submitted d4 on 8 with kpm 2 [WRONG]
[05/11/2020 14:49:33] noa submitted d4 on 8 with kpm 3 [WRONG]
[05/11/2020 14:49:40] noa submitted d6 on 8 with kpm 3 [WRONG]
[05/11/2020 14:49:46] noa submitted d8 on 8 with kpm 4 [WRONG]
[05/11/2020 14:49:46] noa submitted d8 on 8 with kpm 5 [WRONG]
[05/11/2020 14:49:50] noa submitted d1 on 8 with kpm 6 [CORRECT]
[05/11/2020 14:49:50] noa submitted  on 8 with kpm 6 [ALREADY SOLVED]
[05/11/2020 14:50:15] noa submitted d1  on 8 with kpm 5 [ALREADY SOLVED]
[05/11/2020 14:54:21] noa submitted fidelidade on 13 with kpm 0 [WRONG]
[05/11/2020 14:54:42] noa submitted compromisso on 13 with kpm 1 [WRONG]
[05/11/2020 14:55:22] noa submitted cmiseta on 13 with kpm 1 [WRONG]
[05/11/2020 14:55:23] noa submitted cmiseta on 13 with kpm 2 [WRONG]
[05/11/2020 15:00:16] noa submitted identificar on 13 with kpm 0 [WRONG]
[05/11/2020 15:07:49] noa submitted debravado on 13 with kpm 0 [WRONG]
[05/11/2020 15:07:50] noa submitted debravado on 13 with kpm 1 [WRONG]
[05/11/2020 15:07:56] noa submitted debravadores on 13 with kpm 2 [WRONG]
[05/11/2020 15:08:15] noa submitted desbravador on 13 with kpm 3 [WRONG]
[05/11/2020 15:09:43] noa submitted clube on 13 with kpm 0 [WRONG]
[05/11/2020 15:09:44] noa submitted clube on 13 with kpm 1 [WRONG]
[05/11/2020 15:21:51] noa submitted fidalidade on 13 with kpm 0 [WRONG]
[05/11/2020 15:26:20] noa submitted recoesimetodoclube on 13 with kpm 0 [WRONG]
[05/11/2020 15:27:58] noa submitted voto on 13 with kpm 0 [WRONG]
[05/11/2020 15:28:46] noa submitted lema on 13 with kpm 1 [WRONG]
[05/11/2020 15:28:56] noa submitted lei on 13 with kpm 2 [WRONG]
[05/11/2020 15:29:21] noa submitted objetivo on 13 with kpm 2 [WRONG]
[05/11/2020 15:29:22] noa submitted objetivo on 13 with kpm 3 [WRONG]
[05/11/2020 15:29:33] noa submitted alvo on 13 with kpm 4 [WRONG]
[05/11/2020 15:29:34] noa submitted alvo on 13 with kpm 5 [WRONG]
[05/11/2020 15:29:54] noa submitted unidade on 13 with kpm 5 [WRONG]
[05/11/2020 15:30:27] noa submitted bandeirim on 13 with kpm 3 [WRONG]
[05/11/2020 16:01:25] noa submitted desbravador on 13 with kpm 0 [WRONG]
[05/11/2020 16:01:25] noa submitted desbravador on 13 with kpm 1 [WRONG]
[05/11/2020 16:01:26] noa submitted desbravador on 13 with kpm 2 [WRONG]
[05/11/2020 16:01:34] noa submitted desbravadores on 13 with kpm 3 [WRONG]
[05/11/2020 16:01:35] noa submitted desbravadores on 13 with kpm 4 [WRONG]
[05/11/2020 16:14:23] noa submitted oclubedodesbrvador on 13 with kpm 0 [WRONG]
[05/11/2020 16:14:24] noa submitted oclubedodesbrvador on 13 with kpm 1 [WRONG]
[05/11/2020 16:14:29] noa submitted oclubedodesbrvadores on 13 with kpm 2 [WRONG]
[05/11/2020 16:31:15] noa submitted aliasacomdeus on 13 with kpm 0 [WRONG]
[05/11/2020 16:31:16] noa submitted aliasacomdeus on 13 with kpm 1 [WRONG]
[05/11/2020 16:31:36] noa submitted aliasacom.crito on 13 with kpm 2 [WRONG]
[05/11/2020 16:31:44] noa submitted aliasacom.cristo on 13 with kpm 3 [WRONG]
[05/11/2020 16:32:22] noa submitted aliasaespiritusato on 13 with kpm 2 [WRONG]
[05/11/2020 16:42:59] noa submitted amigosdedeus on 13 with kpm 0 [WRONG]
[05/11/2020 16:50:54] noa submitted sauvacao. on 13 with kpm 0 [WRONG]
[05/11/2020 16:51:53] noa submitted salvacao on 13 with kpm 1 [WRONG]
[05/11/2020 16:59:06] noa submitted amarelo on 13 with kpm 0 [WRONG]
[05/11/2020 17:15:26] nic.10 submitted maranata on 1 with kpm 0 [ALREADY SOLVED]
[05/11/2020 17:19:23] Brutos submitted desbravador on 8 with kpm 0 [WRONG]
[05/11/2020 17:20:50] Brutos submitted d9 on 8 with kpm 0 [WRONG]
[05/11/2020 17:25:39] Brutos submitted d+ on 8 with kpm 0 [WRONG]
[05/11/2020 17:25:47] Brutos submitted d+++ on 8 with kpm 1 [WRONG]
[05/11/2020 17:30:20] nic.10 submitted micionarios voluntários on 4 with kpm 0 [WRONG]
[05/11/2020 17:32:03] Brutos submitted missionariosvoluntarios on 4 with kpm 0 [CORRECT]
[05/11/2020 17:32:15] nic.10 submitted missionariosvoluntarios on 4 with kpm 0 [ALREADY SOLVED]
[05/11/2020 17:32:21] nic.10 submitted missionariosvoluntarios on 4 with kpm 0 [ALREADY SOLVED]
[05/11/2020 17:32:26] nic.10 submitted missionariosvoluntarios on 4 with kpm 0 [ALREADY SOLVED]
[05/11/2020 17:32:31] nic.10 submitted missionariosvoluntarios on 4 with kpm 0 [ALREADY SOLVED]
[05/11/2020 17:32:36] nic.10 submitted missionariosvoluntarios on 4 with kpm 0 [ALREADY SOLVED]
[05/11/2020 17:32:40] nic.10 submitted missionariosvoluntarios on 4 with kpm 0 [ALREADY SOLVED]
[05/11/2020 17:35:10] nic.10 submitted voto a bíblia on 11 with kpm 0 [WRONG]
[05/11/2020 17:43:56] nic.10 submitted a lei dos desbravadores on 12 with kpm 0 [WRONG]
[05/11/2020 17:44:18] nic.10 submitted lei dos desbravadores on 12 with kpm 1 [WRONG]
[05/11/2020 17:48:19] nic.10 submitted a lei do desbravador on 12 with kpm 0 [WRONG]
[05/11/2020 17:49:40] nic.10 submitted banderinho on 15 with kpm 0 [WRONG]
[05/11/2020 17:49:47] nic.10 submitted bande rinho on 15 with kpm 1 [WRONG]
[05/11/2020 17:50:16] nic.10 submitted bandeiri on 15 with kpm 2 [WRONG]
[05/11/2020 17:51:04] nic.10 submitted banderin on 15 with kpm 1 [WRONG]
[05/11/2020 17:51:17] nic.10 submitted bandeirim on 15 with kpm 1 [CORRECT]
[05/11/2020 18:54:38] nic10 submitted lei dos desbravadores on 12 with kpm 0 [WRONG]
[05/11/2020 18:55:18] nic10 submitted lei do desbravadoror on 12 with kpm 1 [WRONG]
[05/11/2020 19:04:58] Cristina submitted hinodosdesbravadores on 3 with kpm 0 [CORRECT]
[05/11/2020 19:27:10] Cristina submitted maranata on 1 with kpm 0 [ALREADY SOLVED]
[05/11/2020 19:28:59] dbv sabe tudo submitted bandeirim on 15 with kpm 0 [CORRECT]
[05/11/2020 19:30:55] dbv sabe tudo submitted apleniudedatrindade on 7 with kpm 0 [WRONG]
[05/11/2020 19:31:08] dbv sabe tudo submitted plenitudedatrindade on 7 with kpm 1 [WRONG]
[05/11/2020 19:31:13] dbv sabe tudo submitted aplenitudedatrindade on 7 with kpm 2 [WRONG]
[05/11/2020 19:31:16] dbv sabe tudo submitted aplenitudedatrindade on 7 with kpm 3 [WRONG]
[05/11/2020 19:31:20] dbv sabe tudo submitted aplenitudedatrindade on 7 with kpm 4 [WRONG]
[05/11/2020 19:32:03] dbv sabe tudo submitted plenitudedatrindade on 7 with kpm 4 [WRONG]
[05/11/2020 19:32:32] dbv sabe tudo submitted deuspaideusfilhodeusespiritosanto on 7 with kpm 1 [WRONG]
[05/11/2020 19:33:12] dbv sabe tudo submitted deuspaideusfilhoedeusespiritosanto on 7 with kpm 1 [WRONG]
[05/11/2020 19:33:13] dbv sabe tudo submitted deuspaideusfilhoedeusespiritosanto on 7 with kpm 2 [WRONG]
[05/11/2020 19:33:52] dbv sabe tudo submitted biblia on 10 with kpm 2 [CORRECT]
[05/11/2020 19:35:09] dbv sabe tudo submitted lençodosdebravadores on 7 with kpm 0 [WRONG]
[05/11/2020 19:35:29] dbv sabe tudo submitted lenço on 7 with kpm 1 [WRONG]
[05/11/2020 19:35:33] dbv sabe tudo submitted olenço on 7 with kpm 2 [WRONG]
[05/11/2020 19:36:17] dbv sabe tudo submitted escudo on 7 with kpm 2 [WRONG]
[05/11/2020 19:36:24] dbv sabe tudo submitted afe on 7 with kpm 3 [WRONG]
[05/11/2020 19:37:18] Cristina submitted emblemadoclube on 7 with kpm 1 [WRONG]
[05/11/2020 19:40:32] Cristina submitted trianglo on 7 with kpm 0 [WRONG]
[05/11/2020 19:44:03] dbv sabe tudo submitted california on 5 with kpm 0 [WRONG]
[05/11/2020 19:44:36] dbv sabe tudo submitted  California on 5 with kpm 1 [WRONG]
[05/11/2020 19:46:30] dbv sabe tudo submitted  SantAna on 5 with kpm 0 [WRONG]
[05/11/2020 19:46:36] dbv sabe tudo submitted  SantaAna on 5 with kpm 1 [WRONG]
[05/11/2020 19:46:49] dbv sabe tudo submitted  SantaAnacalifornia on 5 with kpm 2 [WRONG]
[05/11/2020 19:47:34] dbv sabe tudo submitted emsuacasa on 5 with kpm 2 [WRONG]
[05/11/2020 19:47:41] dbv sabe tudo submitted suacasa on 5 with kpm 2 [WRONG]
[05/11/2020 19:47:45] dbv sabe tudo submitted sua casa on 5 with kpm 3 [WRONG]
[05/11/2020 19:48:08] Cristina submitted madisom on 5 with kpm 3 [WRONG]
[05/11/2020 19:48:58] Cristina submitted santaanacalifornia on 5 with kpm 1 [WRONG]
[05/11/2020 19:49:14] Cristina submitted condadomadison on 5 with kpm 1 [WRONG]
[05/11/2020 19:50:15] Cristina submitted santana on 5 with kpm 0 [WRONG]
[05/11/2020 19:50:29] Cristina submitted santanacalifornia on 5 with kpm 1 [WRONG]
[05/11/2020 19:51:23] Cristina submitted tennessee on 5 with kpm 1 [WRONG]
[05/11/2020 19:51:41] dbv sabe tudo submitted henry  on 9 with kpm 1 [WRONG]
[05/11/2020 19:51:58] Cristina submitted condadodemadison on 5 with kpm 2 [WRONG]
[05/11/2020 19:53:13] dbv sabe tudo submitted lawrence  on 9 with kpm 0 [CORRECT]
[05/11/2020 19:53:25] Cristina submitted california on 5 with kpm 0 [WRONG]
[05/11/2020 19:54:27] noa submitted abracodoespiritosanto on 13 with kpm 0 [WRONG]
[05/11/2020 19:54:40] Cristina submitted lawrence on 9 with kpm 0 [ALREADY SOLVED]
[05/11/2020 19:54:44] dbv sabe tudo submitted oabraçodoespiritosanto on 13 with kpm 0 [WRONG]
[05/11/2020 19:54:48] noa submitted abracodoespiritosanto on 13 with kpm 1 [WRONG]
[05/11/2020 19:54:57] dbv sabe tudo submitted oabrasodoespiritosanto on 13 with kpm 1 [WRONG]
[05/11/2020 19:55:04] dbv sabe tudo submitted oabracodoespiritosanto on 13 with kpm 2 [WRONG]
[05/11/2020 19:55:17] dbv sabe tudo submitted abraçodoespiritosanto on 13 with kpm 3 [WRONG]
[05/11/2020 19:55:19] dbv sabe tudo submitted abraçodoespiritosanto on 13 with kpm 4 [WRONG]
[05/11/2020 19:55:41] noa submitted abracodecristo on 13 with kpm 1 [CORRECT]
[05/11/2020 19:56:21] Cristina submitted riverside on 5 with kpm 0 [WRONG]
[05/11/2020 19:57:06] dbv sabe tudo submitted indentificasao on 13 with kpm 1 [WRONG]
[05/11/2020 19:57:13] dbv sabe tudo submitted indentificaçao on 13 with kpm 2 [WRONG]
[05/11/2020 19:57:24] dbv sabe tudo submitted endentificaçao on 13 with kpm 2 [WRONG]
[05/11/2020 19:57:36] Cristina submitted takomapark on 5 with kpm 3 [WRONG]
[05/11/2020 19:57:49] Cristina submitted estadosunidos on 5 with kpm 4 [WRONG]
[05/11/2020 19:58:51] Cristina submitted ashburnham on 5 with kpm 0 [WRONG]
[05/11/2020 20:00:53] dbv sabe tudo submitted prometo on 12 with kpm 0 [WRONG]
[05/11/2020 20:01:19] dbv sabe tudo submitted prometofidelidade on 12 with kpm 1 [WRONG]
[05/11/2020 20:03:46] Cristina submitted prometofidelidade on 12 with kpm 0 [WRONG]
[05/11/2020 20:04:30] dbv sabe tudo submitted prometofidelidade on 12 with kpm 1 [WRONG]
[05/11/2020 20:04:57] dbv sabe tudo submitted leidodesbravadores on 12 with kpm 1 [WRONG]
[05/11/2020 20:04:57] dbv sabe tudo submitted leidodesbravadores on 12 with kpm 2 [WRONG]
[05/11/2020 20:05:04] dbv sabe tudo submitted leidosdesbravadores on 12 with kpm 3 [WRONG]
[05/11/2020 20:05:44] Cristina submitted fidelidadeabiblia on 12 with kpm 3 [WRONG]
[05/11/2020 20:07:16] dbv sabe tudo submitted indentificar on 13 with kpm 0 [WRONG]
[05/11/2020 20:07:22] dbv sabe tudo submitted endentificar on 13 with kpm 1 [WRONG]
[05/11/2020 20:10:23] Cristina submitted aleidodesbravador on 12 with kpm 0 [CORRECT]
[05/11/2020 20:10:46] dbv sabe tudo submitted aleidodebravador on 12 with kpm 0 [ALREADY SOLVED]
[05/11/2020 20:12:38] Cristina submitted votodefidelidadeabiblia on 11 with kpm 0 [CORRECT]
[05/11/2020 20:12:43] dbv sabe tudo submitted votodefidelidadeabiblia on 11 with kpm 0 [ALREADY SOLVED]
[05/11/2020 20:14:02] Cristina submitted paifilhoespiritosanto on 13 with kpm 0 [WRONG]
[05/11/2020 20:14:20] dbv sabe tudo submitted atrindaade on 7 with kpm 1 [WRONG]
[05/11/2020 20:14:30] dbv sabe tudo submitted trindade on 7 with kpm 2 [WRONG]
[05/11/2020 20:15:23] dbv sabe tudo submitted trindadedeuspaideusfihodeusesopiritosanto on 7 with kpm 1 [WRONG]
[05/11/2020 20:15:59] dbv sabe tudo submitted trindadedeuspaideusfihodeusisopiritosanto on 7 with kpm 1 [WRONG]
[05/11/2020 20:20:14] Cristina submitted perfeicaodatrindade on 13 with kpm 0 [WRONG]
[05/11/2020 20:21:44] Cristina submitted paifilhoespiritosanto on 13 with kpm 0 [WRONG]
[05/11/2020 20:21:56] Cristina submitted paifilhoeespiritosanto on 13 with kpm 1 [WRONG]
[05/11/2020 20:22:56] Cristina submitted abracodecristo on 13 with kpm 0 [CORRECT]
[05/11/2020 20:24:16] Cristina submitted casa on 5 with kpm 0 [CORRECT]
[05/11/2020 20:26:00] Cristina submitted equilatero on 7 with kpm 0 [WRONG]
[05/11/2020 20:26:12] Cristina submitted equilatero on 7 with kpm 1 [WRONG]
[05/11/2020 20:26:41] Cristina submitted lenco on 7 with kpm 2 [WRONG]
[05/11/2020 20:29:49] Cristina submitted simbolo on 7 with kpm 0 [WRONG]
[05/11/2020 20:29:59] Cristina submitted simbolodoclube on 7 with kpm 1 [WRONG]
[05/11/2020 20:30:15] Cristina submitted simbolodesbravadores on 7 with kpm 2 [WRONG]
[05/11/2020 20:30:22] Cristina submitted simbolododesbravadores on 7 with kpm 3 [WRONG]
[05/11/2020 20:31:44] Cristina submitted d3 on 7 with kpm 0 [WRONG]
[05/11/2020 20:31:52] Cristina submitted d5 on 7 with kpm 1 [WRONG]
[05/11/2020 20:32:39] Cristina submitted triangulo on 7 with kpm 2 [CORRECT]
[05/11/2020 20:37:55] Alisson submitted Hino dos desbravadores  on 3 with kpm 0 [WRONG]
[05/11/2020 20:38:53] Alisson submitted Lema on 2 with kpm 1 [WRONG]
[05/11/2020 20:39:10] Alisson submitted Lema o Amor de Cristo me motiva on 2 with kpm 1 [WRONG]
[05/11/2020 20:39:31] Alisson submitted Cristo on 2 with kpm 2 [WRONG]
[05/11/2020 20:40:20] Alisson submitted Missionariosvoluntarios on 4 with kpm 1 [CORRECT]
[05/11/2020 20:41:24] Alisson submitted Oamordecristomemotiva on 2 with kpm 0 [WRONG]
[05/11/2020 20:41:31] Alisson submitted Oamordecristo on 2 with kpm 1 [CORRECT]
[05/11/2020 20:41:41] Cristina submitted distintivo on 14 with kpm 0 [WRONG]
[05/11/2020 20:42:37] Alisson submitted Casa on 5 with kpm 0 [CORRECT]
[05/11/2020 20:43:07] Alisson submitted Bandeira on 6 with kpm 0 [WRONG]
[05/11/2020 20:43:30] Alisson submitted Bandeiradoclube on 6 with kpm 1 [WRONG]
[05/11/2020 20:43:40] Alisson submitted Bandeiradoclubededesbravadored on 6 with kpm 2 [WRONG]
[05/11/2020 20:43:45] Alisson submitted Bandeiradoclubededesbravadores on 6 with kpm 3 [WRONG]
[05/11/2020 20:44:03] Alisson submitted Bandeiradosdesbravadores on 6 with kpm 4 [WRONG]
[05/11/2020 20:44:34] Alisson submitted Bandeiradodesbravador on 6 with kpm 3 [WRONG]
[05/11/2020 20:44:47] Alisson submitted Bandeira on 6 with kpm 2 [WRONG]
[05/11/2020 20:45:02] Alisson submitted Bandeiras  on 6 with kpm 3 [WRONG]
[05/11/2020 20:45:42] Alisson submitted Triangulo on 7 with kpm 2 [CORRECT]
[05/11/2020 20:47:43] Alisson submitted D1 on 8 with kpm 0 [CORRECT]
[05/11/2020 20:48:58] Alisson submitted Votodefidelidadeabiblia on 11 with kpm 0 [WRONG]
[05/11/2020 20:49:18] Cristina submitted finalidade on 14 with kpm 0 [WRONG]
[05/11/2020 20:49:29] Alisson submitted Fidelidadeabiblia on 11 with kpm 1 [WRONG]
[05/11/2020 20:49:30] Cristina submitted fidelidade on 14 with kpm 1 [WRONG]
[05/11/2020 20:49:52] Alisson submitted Biblia on 11 with kpm 2 [WRONG]
[05/11/2020 20:50:07] Alisson submitted Votoabiblia on 11 with kpm 2 [WRONG]
[05/11/2020 20:50:35] Alisson submitted Fidelidade a Bíblia  on 11 with kpm 2 [WRONG]
[05/11/2020 20:50:39] Alisson submitted Fidelidade a Bíblia  on 11 with kpm 3 [WRONG]
[05/11/2020 20:50:54] Alisson submitted Fidelidade on 11 with kpm 3 [WRONG]
[05/11/2020 20:52:09] Alisson submitted Espadaeabiblia on 10 with kpm 0 [WRONG]
[05/11/2020 20:52:22] Cristina submitted aliancacomdeus on 14 with kpm 0 [WRONG]
[05/11/2020 21:03:24] mochi submitted aliancacomcristo on 14 with kpm 0 [WRONG]
[05/11/2020 21:03:32] mochi submitted alianca on 14 with kpm 1 [CORRECT]
[05/11/2020 23:24:11] Alisson submitted Hinododesbravador on 3 with kpm 0 [WRONG]
[05/11/2020 23:24:36] Alisson submitted Hinodosdesbravadores on 3 with kpm 1 [CORRECT]
[05/11/2020 23:24:55] Alisson submitted Bandeira on 6 with kpm 1 [WRONG]
[05/11/2020 23:25:09] Alisson submitted Bandeiradodesbravador on 6 with kpm 2 [WRONG]
[05/11/2020 23:25:41] Alisson submitted Bandeiradosdesbravadores on 6 with kpm 2 [WRONG]
[05/11/2020 23:26:07] Alisson submitted Bandeirimdeunidade on 6 with kpm 2 [WRONG]
[05/11/2020 23:26:13] Alisson submitted Bandeirim on 6 with kpm 2 [WRONG]
[05/11/2020 23:26:24] Alisson submitted Bandeiras on 6 with kpm 3 [WRONG]
[05/11/2020 23:26:39] Alisson submitted Flamula on 6 with kpm 4 [WRONG]
[05/11/2020 23:26:44] Alisson submitted Flamula on 6 with kpm 4 [WRONG]
[05/11/2020 23:26:49] Alisson submitted Flamulas on 6 with kpm 5 [WRONG]
[05/11/2020 23:27:21] Alisson submitted Bandeirim on 15 with kpm 4 [WRONG]
[05/11/2020 23:27:31] Alisson submitted Bandeirimdeunidade on 15 with kpm 4 [WRONG]
[05/11/2020 23:28:01] Alisson submitted Bandeirindeunidade on 15 with kpm 2 [WRONG]
[05/11/2020 23:28:11] Alisson submitted Bandeirins on 15 with kpm 3 [WRONG]
[05/11/2020 23:28:17] Alisson submitted Bandeirim on 15 with kpm 4 [WRONG]
[05/11/2020 23:28:36] Alisson submitted Biblia on 11 with kpm 3 [WRONG]
[05/11/2020 23:28:50] Alisson submitted VotodeFidelidadeaBiblia on 11 with kpm 4 [WRONG]
[05/11/2020 23:29:04] Alisson submitted Fidelidadeabiblia on 11 with kpm 4 [WRONG]
[05/12/2020 21:44:05] noa submitted ctfdesbravadores on 16 with kpm 0 [CORRECT]
[05/12/2020 21:45:40] noa submitted cladiobelz on 17 with kpm 0 [WRONG]
[05/12/2020 21:45:57] noa submitted claudiobelz on 17 with kpm 1 [CORRECT]
[05/12/2020 23:51:15] noa submitted 1919 on 18 with kpm 0 [WRONG]
[05/12/2020 23:51:45] noa submitted 1947 on 18 with kpm 1 [WRONG]
[05/12/2020 23:52:00] noa submitted 1950 on 18 with kpm 2 [CORRECT]
[05/13/2020 00:04:15] noa submitted 1919 on 18 with kpm 0 [ALREADY SOLVED]
[05/13/2020 00:04:47] noa submitted 1950 on 18 with kpm 0 [ALREADY SOLVED]
[05/13/2020 00:07:37] noa submitted d1 on 8 with kpm 0 [ALREADY SOLVED]
[05/13/2020 16:45:39] Tavilla submitted Maranata on 1 with kpm 0 [CORRECT]
[05/13/2020 16:51:24] Tavilla submitted Amor de Cristo me motiva  on 2 with kpm 0 [WRONG]
[05/13/2020 16:51:36] Tavilla submitted Amor de Cristo on 2 with kpm 1 [WRONG]
[05/13/2020 16:52:06] Tavilla submitted O Amor de Cristo on 2 with kpm 2 [WRONG]
[05/13/2020 16:56:33] Tavilla submitted D1 on 6 with kpm 0 [WRONG]
[05/13/2020 16:57:36] Tavilla submitted a trindade on 7 with kpm 0 [WRONG]
[05/13/2020 16:57:52] Tavilla submitted Deus pai, deus filho e espirito santo on 7 with kpm 1 [WRONG]
[05/13/2020 16:58:18] Tavilla submitted missionariosvoluntarios on 4 with kpm 2 [CORRECT]
[05/13/2020 17:00:10] Tavilla submitted D4 on 8 with kpm 0 [WRONG]
[05/13/2020 17:08:27] ka10 submitted maranata on 1 with kpm 0 [CORRECT]
[05/13/2020 17:09:19] ka10 submitted oamordecristo on 2 with kpm 0 [CORRECT]
[05/13/2020 17:11:21] ka10 submitted hinodosdesbravadores on 3 with kpm 0 [CORRECT]
[05/13/2020 17:16:07] ka10 submitted missionáriovoluntarios on 4 with kpm 0 [WRONG]
[05/13/2020 17:16:23] ka10 submitted missionáriosvoluntarios on 4 with kpm 1 [WRONG]
[05/13/2020 17:16:32] ka10 submitted missionáriovoluntario on 4 with kpm 2 [WRONG]
[05/13/2020 17:17:16] ka10 submitted missionariovoluntario on 4 with kpm 2 [WRONG]
[05/13/2020 17:17:38] ka10 submitted missionariosvoluntarios on 4 with kpm 1 [CORRECT]
[05/13/2020 17:17:48] Tavilla submitted amordecristomemotiva on 2 with kpm 0 [WRONG]
[05/13/2020 17:17:53] Tavilla submitted oamordecristomemotiva on 2 with kpm 1 [WRONG]
[05/13/2020 17:18:02] Tavilla submitted oamordecristomemotiva on 2 with kpm 2 [WRONG]
[05/13/2020 17:20:23] Tavilla submitted oamordecristo on 2 with kpm 0 [CORRECT]
[05/13/2020 17:20:28] ka10 submitted casa on 5 with kpm 0 [CORRECT]
[05/13/2020 17:20:35] Ericka submitted oamordecristo on 2 with kpm 0 [ALREADY SOLVED]
[05/13/2020 17:21:21] ka10 submitted quadradoretangulo on 6 with kpm 0 [WRONG]
[05/13/2020 17:21:34] ka10 submitted cm2 on 6 with kpm 1 [WRONG]
[05/13/2020 17:22:30] Sâmilly Aguiar submitted D1 on 8 with kpm 0 [CORRECT]
[05/13/2020 17:25:14] ka10 submitted  on 6 with kpm 0 [WRONG]
[05/13/2020 17:25:27] ka10 submitted flag on 6 with kpm 1 [WRONG]
[05/13/2020 17:25:34] Sâmilly Aguiar submitted Biblia on 10 with kpm 0 [WRONG]
[05/13/2020 17:25:45] ka10 submitted bandeira on 6 with kpm 2 [CORRECT]
[05/13/2020 17:26:11] Tavilla submitted biblia on 10 with kpm 1 [CORRECT]
[05/13/2020 17:27:06] ka10 submitted triângulo on 7 with kpm 0 [WRONG]
[05/13/2020 17:27:08] Tavilla submitted guardareialeidosdesbravadores on 11 with kpm 0 [WRONG]
[05/13/2020 17:27:11] Sâmilly Aguiar submitted Palavradedeus on 10 with kpm 1 [ALREADY SOLVED]
[05/13/2020 17:27:13] Ericka submitted hinodosdesbravadores on 3 with kpm 1 [CORRECT]
[05/13/2020 17:27:24] Tavilla submitted sereiservodedeus on 11 with kpm 1 [WRONG]
[05/13/2020 17:27:38] ka10 submitted 180 on 7 with kpm 1 [WRONG]
[05/13/2020 17:28:29] Sâmilly Aguiar submitted Trindade on 13 with kpm 0 [WRONG]
[05/13/2020 17:29:52] Sâmilly Aguiar submitted Bandeiradeunidade on 15 with kpm 0 [WRONG]
[05/13/2020 17:30:30] Sâmilly Aguiar submitted Bandeirim on 15 with kpm 1 [WRONG]
[05/13/2020 17:31:05] Tavilla submitted paifilhoeespiritosanto on 7 with kpm 1 [WRONG]
[05/13/2020 17:31:09] Ericka submitted triangulo on 7 with kpm 2 [CORRECT]
[05/13/2020 17:31:09] ka10 submitted cruz on 7 with kpm 0 [WRONG]
[05/13/2020 17:31:19] Tavilla submitted santatrindade on 7 with kpm 2 [ALREADY SOLVED]
[05/13/2020 17:31:33] ka10 submitted piramide on 7 with kpm 1 [WRONG]
[05/13/2020 17:31:45] ka10 submitted trindade on 7 with kpm 2 [WRONG]
[05/13/2020 17:32:20] ka10 submitted paifilhoespiritosanto on 7 with kpm 2 [WRONG]
[05/13/2020 17:32:41] Sâmilly Aguiar submitted trindadedeuspaideusfilhpdeusespiritosanto on 13 with kpm 0 [WRONG]
[05/13/2020 17:32:50] Sâmilly Aguiar submitted deuspaideusfilhpdeusespiritosanto on 13 with kpm 1 [WRONG]
[05/13/2020 17:33:07] Sâmilly Aguiar submitted mentalfisicoespiritual on 13 with kpm 2 [WRONG]
[05/13/2020 17:33:12] Tavilla submitted bandeirinha on 15 with kpm 3 [WRONG]
[05/13/2020 17:33:17] Tavilla submitted bandeirin on 15 with kpm 4 [WRONG]
[05/13/2020 17:33:24] Ericka submitted votodefidelidadeabiblia on 11 with kpm 5 [CORRECT]
[05/13/2020 17:33:29] Tavilla submitted mastro on 15 with kpm 5 [WRONG]
[05/13/2020 17:36:22] Sâmilly Aguiar submitted Bandeiraoficialdosdesbravadores on 6 with kpm 0 [WRONG]
[05/13/2020 17:37:00] Sâmilly Aguiar submitted Bandeirola on 15 with kpm 1 [WRONG]
[05/13/2020 17:37:10] Sâmilly Aguiar submitted bandeiradeunidade on 15 with kpm 2 [WRONG]
[05/13/2020 17:37:17] Sâmilly Aguiar submitted bandeirim on 15 with kpm 3 [CORRECT]
[05/13/2020 17:39:33] Sâmilly Aguiar submitted serpurobondosoeleal on 12 with kpm 0 [WRONG]
[05/13/2020 17:39:37] Tavilla submitted alianca on 14 with kpm 1 [CORRECT]
[05/13/2020 17:40:04] Tavilla submitted excelencia on 13 with kpm 1 [WRONG]
[05/13/2020 17:40:13] Tavilla submitted lealdade on 13 with kpm 2 [WRONG]
[05/13/2020 17:41:16] Ericka submitted identificacaomundialdosdesbravadores on 13 with kpm 0 [WRONG]
[05/13/2020 17:41:19] Tavilla submitted manualdosescoteiros on 9 with kpm 1 [WRONG]
[05/13/2020 17:41:50] Tavilla submitted bandeira on 6 with kpm 2 [CORRECT]
[05/13/2020 17:42:17] Ericka submitted tripedaeducacao on 13 with kpm 1 [WRONG]
[05/13/2020 17:42:17] Sâmilly Aguiar submitted casa on 5 with kpm 1 [CORRECT]
[05/13/2020 17:42:53] Sâmilly Aguiar submitted Henryberg on 9 with kpm 1 [WRONG]
[05/13/2020 17:43:14] Sâmilly Aguiar submitted lawrencepaulson on 9 with kpm 2 [WRONG]
[05/13/2020 17:43:35] Sâmilly Aguiar submitted Lawrencepaulson on 9 with kpm 2 [WRONG]
[05/13/2020 17:43:54] Sâmilly Aguiar submitted deus on 12 with kpm 2 [WRONG]
[05/13/2020 17:43:55] Ericka submitted simbolizaaperfeicaodatrindade on 13 with kpm 3 [WRONG]
[05/13/2020 17:44:10] Ericka submitted trindade on 13 with kpm 4 [WRONG]
[05/13/2020 17:44:17] Sâmilly Aguiar submitted trindade on 13 with kpm 4 [WRONG]
[05/13/2020 17:44:24] Ericka submitted paifilhoeespiritosanto on 13 with kpm 5 [WRONG]
[05/13/2020 17:45:05] Ericka submitted aperfeicaodatridade on 13 with kpm 3 [WRONG]
[05/13/2020 17:45:48] Sâmilly Aguiar submitted purobondosoeleal on 12 with kpm 1 [WRONG]
[05/13/2020 17:46:23] Sâmilly Aguiar submitted mentalfisicoeespeiritualeatrindade on 13 with kpm 1 [WRONG]
[05/13/2020 17:46:27] Sâmilly Aguiar submitted mentalfisicoeespeiritual on 13 with kpm 2 [WRONG]
[05/13/2020 17:46:49] Sâmilly Aguiar submitted lawrence on 9 with kpm 2 [CORRECT]
[05/13/2020 17:47:39] Ericka submitted deus on 12 with kpm 0 [WRONG]
[05/13/2020 17:48:38] Sâmilly Aguiar submitted identificacaodesbravador on 13 with kpm 1 [WRONG]
[05/13/2020 17:48:43] Sâmilly Aguiar submitted identificacaododesbravador on 13 with kpm 1 [WRONG]
[05/13/2020 17:48:56] Sâmilly Aguiar submitted tripedaeducacao on 13 with kpm 2 [WRONG]
[05/13/2020 17:49:00] Sâmilly Aguiar submitted tripe on 13 with kpm 3 [WRONG]
[05/13/2020 17:49:15] Sâmilly Aguiar submitted identificacaomundial on 13 with kpm 4 [WRONG]
[05/13/2020 17:49:19] Sâmilly Aguiar submitted identificacao on 13 with kpm 5 [WRONG]
[05/13/2020 17:49:26] Sâmilly Aguiar submitted identificacaododesbravador on 13 with kpm 6 [WRONG]
[05/13/2020 17:49:34] Sâmilly Aguiar submitted identificacaomundialdodesbravador on 13 with kpm 7 [WRONG]
[05/13/2020 17:49:52] Sâmilly Aguiar submitted identificacaomundial on 13 with kpm 6 [WRONG]
[05/13/2020 17:49:57] Sâmilly Aguiar submitted identificacaomundialdodeabravador on 13 with kpm 6 [WRONG]
[05/13/2020 17:50:05] Sâmilly Aguiar submitted Tripe on 13 with kpm 6 [WRONG]
[05/13/2020 17:50:25] Sâmilly Aguiar submitted trindade on 13 with kpm 5 [WRONG]
[05/13/2020 17:50:45] Sâmilly Aguiar submitted deuspaideusfilhodesusespiritosanto on 13 with kpm 4 [WRONG]
[05/13/2020 17:51:00] Sâmilly Aguiar submitted fisicomentalespiritual on 13 with kpm 3 [WRONG]
[05/13/2020 17:52:11] Sâmilly Aguiar submitted Paifilhoespirito on 13 with kpm 0 [WRONG]
[05/13/2020 17:52:17] Sâmilly Aguiar submitted Paifilhoespiritosanto on 13 with kpm 1 [WRONG]
[05/13/2020 17:52:46] Sâmilly Aguiar submitted perfeicaodatrindade on 13 with kpm 2 [WRONG]
[05/13/2020 17:52:49] Ericka submitted identificacaomundial on 13 with kpm 3 [WRONG]
[05/13/2020 17:53:05] Sâmilly Aguiar submitted trindadeetripe on 13 with kpm 4 [WRONG]
[05/13/2020 17:53:08] Ericka submitted simbolizaratrindade on 13 with kpm 5 [WRONG]
[05/13/2020 17:53:11] Sâmilly Aguiar submitted trindadeetripedaeducacao on 13 with kpm 6 [WRONG]
[05/13/2020 17:53:35] Sâmilly Aguiar submitted identificacaomundial on 13 with kpm 5 [WRONG]
[05/13/2020 17:53:44] Sâmilly Aguiar submitted identificacaomundialdosdesbravadores on 13 with kpm 6 [WRONG]
[05/13/2020 17:54:01] Sâmilly Aguiar submitted serei on 12 with kpm 5 [WRONG]
[05/13/2020 17:54:13] Sâmilly Aguiar submitted guardareialei on 12 with kpm 3 [WRONG]
[05/13/2020 17:54:48] Sâmilly Aguiar submitted sereiservodedeus on 12 with kpm 2 [WRONG]
[05/13/2020 17:55:26] Sâmilly Aguiar submitted sereipurobondosoeleal on 12 with kpm 1 [WRONG]
[05/13/2020 17:55:44] Sâmilly Aguiar submitted guardareialeidosdesbravadores on 12 with kpm 2 [WRONG]
[05/13/2020 17:55:58] Sâmilly Aguiar submitted sereiservodedeuseamigosdetodos on 12 with kpm 2 [WRONG]
[05/13/2020 17:56:03] Sâmilly Aguiar submitted sereiservodedeus on 12 with kpm 3 [WRONG]
[05/13/2020 17:57:12] Ericka submitted marcaahistoriadosdrs on 13 with kpm 0 [WRONG]
[05/13/2020 17:57:31] Ericka submitted marcaahistoriadosdesbravadoresnomundo on 13 with kpm 1 [WRONG]
[05/13/2020 17:57:54] Sâmilly Aguiar submitted guardaralei on 12 with kpm 2 [WRONG]
[05/13/2020 17:57:58] Sâmilly Aguiar submitted guardar on 12 with kpm 3 [WRONG]
[05/13/2020 17:58:10] Sâmilly Aguiar submitted guardarei on 12 with kpm 4 [WRONG]
[05/13/2020 17:58:27] Sâmilly Aguiar submitted graçadedeus on 12 with kpm 4 [WRONG]
[05/13/2020 17:58:35] Sâmilly Aguiar submitted deus on 12 with kpm 4 [WRONG]
[05/13/2020 17:58:42] Sâmilly Aguiar submitted serei on 12 with kpm 5 [WRONG]
[05/13/2020 17:58:48] Sâmilly Aguiar submitted sereipurobondosoeleal on 12 with kpm 6 [WRONG]
[05/13/2020 17:58:53] Sâmilly Aguiar submitted sereipurobondosoleal on 12 with kpm 7 [WRONG]
[05/13/2020 17:59:02] Sâmilly Aguiar submitted sereipuro on 12 with kpm 6 [WRONG]
[05/13/2020 18:00:14] Sâmilly Aguiar submitted aleidodesbravador on 12 with kpm 0 [CORRECT]
[05/13/2020 18:01:49] Sâmilly Aguiar submitted espiritualeeducacao on 13 with kpm 0 [WRONG]
[05/13/2020 18:01:57] Sâmilly Aguiar submitted espiritual on 13 with kpm 1 [WRONG]
[05/13/2020 18:02:28] Sâmilly Aguiar submitted Espiritualeeducacional on 13 with kpm 2 [WRONG]
[05/13/2020 18:02:32] Sâmilly Aguiar submitted espiritualeeducacional on 13 with kpm 3 [WRONG]
[05/13/2020 18:02:42] Sâmilly Aguiar submitted mundial on 13 with kpm 4 [WRONG]
[05/13/2020 18:02:46] Sâmilly Aguiar submitted mundialdodesbravador on 13 with kpm 5 [WRONG]
[05/13/2020 18:02:56] Sâmilly Aguiar submitted identificacaododesbravador on 13 with kpm 5 [WRONG]
[05/13/2020 18:03:02] Sâmilly Aguiar submitted identificacao on 13 with kpm 5 [WRONG]
[05/13/2020 18:03:28] Sâmilly Aguiar submitted identidade on 13 with kpm 5 [WRONG]
[05/13/2020 18:03:33] Sâmilly Aguiar submitted identidademundial on 13 with kpm 5 [WRONG]
[05/13/2020 18:03:38] Sâmilly Aguiar submitted identidademundialdodesbravador on 13 with kpm 6 [WRONG]
[05/13/2020 18:04:07] Sâmilly Aguiar submitted paifilhoespiritosanto on 13 with kpm 3 [WRONG]
[05/13/2020 18:04:17] Sâmilly Aguiar submitted paifilhoespiritosantomentalfisicoespiritual on 13 with kpm 4 [WRONG]
[05/13/2020 18:04:41] Sâmilly Aguiar submitted investido on 13 with kpm 2 [WRONG]
[05/13/2020 18:04:46] Sâmilly Aguiar submitted investidoemlenco on 13 with kpm 3 [WRONG]
[05/13/2020 18:05:06] Sâmilly Aguiar submitted investidura on 13 with kpm 4 [WRONG]
[05/13/2020 18:05:24] Sâmilly Aguiar submitted trindade on 13 with kpm 3 [WRONG]
[05/13/2020 18:05:30] Sâmilly Aguiar submitted trindadeetripe on 13 with kpm 4 [WRONG]
[05/13/2020 18:05:35] Sâmilly Aguiar submitted trindadetripe on 13 with kpm 5 [WRONG]
[05/13/2020 18:05:39] Ericka submitted indentificaodesbravador on 13 with kpm 6 [WRONG]
[05/13/2020 18:05:56] Ericka submitted indentificaodedesbravador on 13 with kpm 5 [WRONG]
[05/13/2020 18:05:58] Sâmilly Aguiar submitted significaquesetornoudesbravador on 13 with kpm 6 [WRONG]
[05/13/2020 18:06:06] Sâmilly Aguiar submitted desbravador on 13 with kpm 6 [WRONG]
[05/13/2020 18:06:31] Tavilla submitted identificacaomundial on 13 with kpm 5 [WRONG]
[05/13/2020 18:06:34] Sâmilly Aguiar submitted Trindadeetripedaeducacao on 13 with kpm 6 [WRONG]
[05/13/2020 18:06:45] Tavilla submitted identificacao on 13 with kpm 5 [WRONG]
[05/13/2020 18:10:37] Sâmilly Aguiar submitted educacaoeespiritual on 13 with kpm 0 [WRONG]
[05/13/2020 18:13:34] Sâmilly Aguiar submitted Educacaoculturalsocialereligiosa on 13 with kpm 0 [WRONG]
[05/13/2020 18:13:43] Sâmilly Aguiar submitted culturalsocialereligiosa on 13 with kpm 1 [WRONG]
[05/13/2020 18:14:32] Sâmilly Aguiar submitted Identificacao on 13 with kpm 2 [WRONG]
[05/13/2020 18:15:18] Sâmilly Aguiar submitted Identidade on 13 with kpm 1 [WRONG]
[05/13/2020 18:15:32] Sâmilly Aguiar submitted Identidadedodesbravador on 13 with kpm 2 [WRONG]
[05/13/2020 18:17:47] Sâmilly Aguiar submitted foiinvestido on 13 with kpm 0 [WRONG]
[05/13/2020 18:17:54] Sâmilly Aguiar submitted Investido on 13 with kpm 1 [WRONG]
[05/13/2020 18:19:17] Sâmilly Aguiar submitted Trindadetripeeducacao on 13 with kpm 0 [WRONG]
[05/13/2020 18:19:30] Sâmilly Aguiar submitted Trindadeeducacao on 13 with kpm 1 [WRONG]
[05/13/2020 18:19:44] Sâmilly Aguiar submitted Trindadadetripeeducacao on 13 with kpm 2 [WRONG]
[05/13/2020 18:19:59] Sâmilly Aguiar submitted Identificacaomundialdesbravador on 13 with kpm 3 [WRONG]
[05/13/2020 18:20:19] Sâmilly Aguiar submitted Identificacaotrindadetripe on 13 with kpm 3 [WRONG]
[05/13/2020 18:21:57] Sâmilly Aguiar submitted Fisicomentalespiritual on 13 with kpm 0 [WRONG]
[05/13/2020 18:22:04] Sâmilly Aguiar submitted fisicomentalespiritual on 13 with kpm 1 [WRONG]
[05/13/2020 18:22:17] Sâmilly Aguiar submitted paifilhoespirito on 13 with kpm 2 [WRONG]
[05/13/2020 18:22:21] Sâmilly Aguiar submitted paifilhoespiritosanto on 13 with kpm 3 [WRONG]
[05/13/2020 18:22:38] Sâmilly Aguiar submitted espeiritualmentalfisico on 13 with kpm 4 [WRONG]
[05/13/2020 18:22:42] Sâmilly Aguiar submitted espeiritualmentalfisica on 13 with kpm 5 [WRONG]
[05/13/2020 18:24:30] Sâmilly Aguiar submitted familia on 13 with kpm 0 [WRONG]
[05/13/2020 18:25:22] Sâmilly Aguiar submitted Aconchego on 13 with kpm 1 [WRONG]
[05/13/2020 18:26:33] Sâmilly Aguiar submitted familia on 13 with kpm 0 [WRONG]
[05/13/2020 18:26:46] Sâmilly Aguiar submitted familiaespiritualfisica on 13 with kpm 1 [WRONG]
[05/13/2020 18:26:56] Sâmilly Aguiar submitted reconhecimento on 13 with kpm 2 [WRONG]
[05/13/2020 18:28:28] Sâmilly Aguiar submitted afinidade on 13 with kpm 0 [WRONG]
[05/13/2020 18:28:38] Sâmilly Aguiar submitted confianca on 13 with kpm 1 [WRONG]
[05/13/2020 18:31:47] Tavilla submitted abracodecristo on 13 with kpm 0 [CORRECT]
[05/13/2020 18:49:54] Anderson Gomes submitted santana on 5 with kpm 0 [WRONG]
[05/13/2020 18:50:04] Anderson Gomes submitted california on 5 with kpm 1 [WRONG]
[05/13/2020 18:50:18] Anderson Gomes submitted estados unidos on 5 with kpm 2 [WRONG]
[05/13/2020 18:50:23] Anderson Gomes submitted estadosunidos on 5 with kpm 3 [WRONG]
[05/13/2020 18:51:59] Anderson Gomes submitted takomapark on 5 with kpm 0 [WRONG]
[05/13/2020 18:53:22] Anderson Gomes submitted Ashburnham on 5 with kpm 0 [WRONG]
[05/13/2020 18:53:29] Anderson Gomes submitted ashburnham on 5 with kpm 1 [WRONG]
[05/13/2020 18:53:50] Anderson Gomes submitted  massachusetts on 5 with kpm 2 [WRONG]
[05/13/2020 19:02:01] Sabrinny submitted 1959 on 16 with kpm 0 [WRONG]
[05/13/2020 19:02:13] Sabrinny submitted 1950 on 16 with kpm 1 [WRONG]
[05/13/2020 19:03:15] Sabrinny submitted 1950 on 16 with kpm 0 [WRONG]
[05/13/2020 19:04:11] dbv sabe tudo submitted 1950 on 16 with kpm 1 [WRONG]
[05/13/2020 19:04:33] dbv sabe tudo submitted em1950 on 16 with kpm 1 [WRONG]
[05/13/2020 19:05:19] dbv sabe tudo submitted em1950 on 16 with kpm 1 [WRONG]
[05/13/2020 19:05:20] dbv sabe tudo submitted em1950 on 16 with kpm 2 [WRONG]
[05/13/2020 19:05:29] dbv sabe tudo submitted 1950 on 16 with kpm 3 [WRONG]
[05/13/2020 19:05:37] dbv sabe tudo submitted 1950 on 16 with kpm 3 [WRONG]
[05/13/2020 19:06:44] dbv sabe tudo submitted 20 on 16 with kpm 0 [WRONG]
[05/13/2020 19:10:50] dbv sabe tudo submitted ctfdesbravadores on 16 with kpm 0 [CORRECT]
[05/13/2020 19:18:32] dbv sabe tudo submitted pastorbelz on 17 with kpm 0 [WRONG]
[05/13/2020 19:18:42] dbv sabe tudo submitted prpastorbelz on 17 with kpm 1 [WRONG]
[05/13/2020 19:18:51] dbv sabe tudo submitted belz on 17 with kpm 2 [WRONG]
[05/13/2020 19:21:32] dbv sabe tudo submitted claudiobelz on 17 with kpm 0 [CORRECT]
[05/13/2020 19:41:27] dbv sabe tudo submitted 1950 on 18 with kpm 0 [CORRECT]
[05/14/2020 15:04:38] noa submitted 1952henrybrg on 19 with kpm 0 [WRONG]
[05/14/2020 15:05:54] noa submitted 1928c.leste on 19 with kpm 0 [WRONG]
[05/14/2020 15:06:51] noa submitted 1928clester on 19 with kpm 1 [WRONG]
[05/14/2020 15:08:28] noa submitted 1952henry on 19 with kpm 0 [WRONG]
[05/14/2020 15:09:56] noa submitted henryberg1952 on 19 with kpm 0 [CORRECT]
[05/14/2020 15:34:05] Sâmilly Aguiar submitted ctfdesbravadores on 16 with kpm 0 [CORRECT]
[05/14/2020 15:36:02] Sâmilly Aguiar submitted claudio on 17 with kpm 0 [WRONG]
[05/14/2020 15:36:07] Sâmilly Aguiar submitted claudioblez on 17 with kpm 1 [WRONG]
[05/14/2020 15:36:13] Sâmilly Aguiar submitted prclaudioblez on 17 with kpm 2 [WRONG]
[05/14/2020 15:36:29] Sâmilly Aguiar submitted claudiobelz on 17 with kpm 3 [CORRECT]
[05/14/2020 15:37:22] Sâmilly Aguiar submitted 1946 on 18 with kpm 0 [WRONG]
[05/14/2020 15:37:46] Sâmilly Aguiar submitted 1947 on 18 with kpm 1 [WRONG]
[05/14/2020 15:38:06] Sâmilly Aguiar submitted 1950 on 18 with kpm 2 [CORRECT]
[05/14/2020 15:38:31] Sâmilly Aguiar submitted henryberg1949 on 19 with kpm 1 [WRONG]
[05/14/2020 15:39:02] Sâmilly Aguiar submitted pastorhenryberg1949 on 19 with kpm 1 [WRONG]
[05/14/2020 15:39:20] Sâmilly Aguiar submitted prhenryberg1949 on 19 with kpm 2 [WRONG]
[05/14/2020 15:39:33] Sâmilly Aguiar submitted henry1949 on 19 with kpm 2 [WRONG]
[05/14/2020 15:39:40] Sâmilly Aguiar submitted henryberg1949 on 19 with kpm 3 [WRONG]
[05/14/2020 15:40:07] Sâmilly Aguiar submitted 1949henryberg on 19 with kpm 3 [WRONG]
[05/14/2020 15:40:31] Sâmilly Aguiar submitted henryberg49 on 19 with kpm 3 [WRONG]
[05/14/2020 15:40:37] Sâmilly Aguiar submitted henryberg1949 on 19 with kpm 3 [WRONG]
[05/14/2020 15:40:48] Sâmilly Aguiar submitted prhenryberg1949 on 19 with kpm 3 [WRONG]
[05/14/2020 15:41:51] Sâmilly Aguiar submitted henryberg1949 on 19 with kpm 0 [WRONG]
[05/14/2020 15:42:22] Sâmilly Aguiar submitted berg1949 on 19 with kpm 1 [WRONG]
[05/14/2020 15:42:43] Sâmilly Aguiar submitted henrybergmaio1949 on 19 with kpm 2 [WRONG]
[05/14/2020 15:44:24] Sâmilly Aguiar submitted henryberg1949 on 19 with kpm 0 [WRONG]
[05/14/2020 15:44:42] Sâmilly Aguiar submitted HenryBerg1949 on 19 with kpm 1 [WRONG]
[05/14/2020 15:45:16] Sâmilly Aguiar submitted pastorhenryberg1949 on 19 with kpm 2 [WRONG]
[05/14/2020 15:45:21] Sâmilly Aguiar submitted pastorhenry1949 on 19 with kpm 3 [WRONG]
[05/14/2020 15:45:27] Sâmilly Aguiar submitted prhenry1949 on 19 with kpm 3 [WRONG]
[05/14/2020 15:45:31] Sâmilly Aguiar submitted henry1949 on 19 with kpm 4 [WRONG]
[05/14/2020 15:47:03] Sâmilly Aguiar submitted henry1949 on 19 with kpm 0 [WRONG]
[05/14/2020 15:48:10] Sâmilly Aguiar submitted henryberg1952 on 19 with kpm 0 [CORRECT]
[05/15/2020 17:06:04] Tavilla submitted ctfdesbravadores on 16 with kpm 0 [ALREADY SOLVED]
[05/15/2020 19:02:05] mochi submitted 1952henryberg on 19 with kpm 0 [WRONG]
[05/15/2020 19:02:56] mochi submitted em1952porhenryberg on 19 with kpm 1 [WRONG]
[05/15/2020 19:03:11] mochi submitted em1952henryberg on 19 with kpm 1 [WRONG]
[05/15/2020 19:03:35] mochi submitted henrberg1952 on 19 with kpm 2 [WRONG]
[05/15/2020 19:03:43] mochi submitted henrbergem1952 on 19 with kpm 3 [WRONG]
[05/15/2020 19:04:35] mochi submitted henrbergcompos1952 on 19 with kpm 2 [WRONG]
[05/15/2020 19:05:15] mochi submitted henrybergcomposem1952 on 19 with kpm 1 [WRONG]
[05/15/2020 19:05:33] mochi submitted henrybergem1952 on 19 with kpm 2 [WRONG]
[05/15/2020 19:08:41] mochi submitted henrybergcomposohiniem1952 on 19 with kpm 0 [WRONG]
[05/15/2020 19:09:11] mochi submitted henrybergcomposohinoem1952 on 19 with kpm 1 [WRONG]
[05/15/2020 19:10:49] mochi submitted em1952henrybergcomposohino on 19 with kpm 0 [WRONG]
[05/15/2020 19:11:52] mochi submitted 1952HenryBerg on 19 with kpm 0 [WRONG]
[05/15/2020 19:12:07] mochi submitted HenryBerg1952 on 19 with kpm 1 [CORRECT]
[05/16/2020 21:58:07] jair submitted maratha on 1 with kpm 0 [WRONG]
[05/16/2020 21:58:20] jair submitted maranata on 1 with kpm 1 [CORRECT]
[05/16/2020 22:06:33] jair submitted abracodedeus on 13 with kpm 0 [WRONG]
[05/16/2020 22:06:59] jair submitted abracodoespiritosanto on 13 with kpm 1 [WRONG]
[05/16/2020 22:07:48] jair submitted abracodecristo on 13 with kpm 1 [CORRECT]
